<?xml version="1.0" encoding="UTF-8"?>
<!-- Generated by org.testng.reporters.JUnitXMLReporter -->
<testsuite ignored="23" hostname="LAPTOP-2THKLID2" failures="0" tests="1" name="Default test" time="40.068" errors="0" timestamp="2026-04-15T15:03:22 IST">
  <testcase classname="com.myntra.endtoend.tstcase.EndToEnd" name="verifyPlaceOrderWithoutLogin" time="29.388"/>
  <testcase classname="com.myntra.endtoend.tstcase.EndToEnd" name="verifySearchInvalidProductsWithSpecialChar" time="0.0">
    <ignored/>
  </testcase> <!-- verifySearchInvalidProductsWithSpecialChar -->
  <testcase classname="com.myntra.endtoend.tstcase.EndToEnd" name="verifyTheSearchAndSelectedProductIsAddedToTheWishListWithoutLogin" time="0.0">
    <ignored/>
  </testcase> <!-- verifyTheSearchAndSelectedProductIsAddedToTheWishListWithoutLogin -->
  <testcase classname="com.myntra.endtoend.tstcase.EndToEnd" name="verifyTheSearchAndSelectedProductwithBlankPinCodeField" time="0.0">
    <ignored/>
  </testcase> <!-- verifyTheSearchAndSelectedProductwithBlankPinCodeField -->
  <testcase classname="com.myntra.endtoend.tstcase.EndToEnd" name="verifyInvalidColourSearchReturnsNoProducts" time="0.0">
    <ignored/>
  </testcase> <!-- verifyInvalidColourSearchReturnsNoProducts -->
  <testcase classname="com.myntra.endtoend.tstcase.EndToEnd" name="toVerifyselectedProductIsAvailableForDeliveryWithDifferentPinCodes" time="0.0">
    <ignored/>
  </testcase> <!-- toVerifyselectedProductIsAvailableForDeliveryWithDifferentPinCodes -->
  <testcase classname="com.myntra.endtoend.tstcase.EndToEnd" name="verifySortingByPriceHighToLow" time="0.0">
    <ignored/>
  </testcase> <!-- verifySortingByPriceHighToLow -->
  <testcase classname="com.myntra.endtoend.tstcase.EndToEnd" name="verifyBeautyPageLoads" time="0.0">
    <ignored/>
  </testcase> <!-- verifyBeautyPageLoads -->
  <testcase classname="com.myntra.endtoend.tstcase.EndToEnd" name="verifyValidColourFilterIsAppliedAndProductsDisplayedRelatedToThatColourOnly" time="0.0">
    <ignored/>
  </testcase> <!-- verifyValidColourFilterIsAppliedAndProductsDisplayedRelatedToThatColourOnly -->
  <testcase classname="com.myntra.endtoend.tstcase.EndToEnd" name="verifyToSeeOrdersListWithoutLogin" time="0.0">
    <ignored/>
  </testcase> <!-- verifyToSeeOrdersListWithoutLogin -->
  <testcase classname="com.myntra.endtoend.tstcase.EndToEnd" name="verifySortingByoptionForTheProducts" time="0.0">
    <ignored/>
  </testcase> <!-- verifySortingByoptionForTheProducts -->
  <testcase classname="com.myntra.endtoend.tstcase.EndToEnd" name="testBeautyPageDirectNavigation" time="0.0">
    <ignored/>
  </testcase> <!-- testBeautyPageDirectNavigation -->
  <testcase classname="com.myntra.endtoend.tstcase.EndToEnd" name="verifySearchInvalidProducts" time="0.0">
    <ignored/>
  </testcase> <!-- verifySearchInvalidProducts -->
  <testcase classname="com.myntra.endtoend.tstcase.EndToEnd" name="verifyProductDetailsPageOpensWithCorrectProductInformation" time="0.0">
    <ignored/>
  </testcase> <!-- verifyProductDetailsPageOpensWithCorrectProductInformation -->
  <testcase classname="com.myntra.endtoend.tstcase.EndToEnd" name="verifyValidProductIsgettingSearchAndProductDetailPageOpens" time="0.0">
    <ignored/>
  </testcase> <!-- verifyValidProductIsgettingSearchAndProductDetailPageOpens -->
  <testcase classname="com.myntra.endtoend.tstcase.EndToEnd" name="verifyThatSelectedProductIsRemoveFromTheCartAfterAddingToTheCart" time="0.0">
    <ignored/>
  </testcase> <!-- verifyThatSelectedProductIsRemoveFromTheCartAfterAddingToTheCart -->
  <testcase classname="com.myntra.endtoend.tstcase.EndToEnd" name="verifyProductOnProductDetailsPageIsRelatedToTheProductSelectedOnProductListingPage" time="0.0">
    <ignored/>
  </testcase> <!-- verifyProductOnProductDetailsPageIsRelatedToTheProductSelectedOnProductListingPage -->
  <testcase classname="com.myntra.endtoend.tstcase.EndToEnd" name="verifyValidBrandFilterIsAppliedAndProductsDisplayedRelatedToThatBrandOnly" time="0.0">
    <ignored/>
  </testcase> <!-- verifyValidBrandFilterIsAppliedAndProductsDisplayedRelatedToThatBrandOnly -->
  <testcase classname="com.myntra.endtoend.tstcase.EndToEnd" name="verifyTheSearchAndSelectedProductwithvalidPinCode" time="0.0">
    <ignored/>
  </testcase> <!-- verifyTheSearchAndSelectedProductwithvalidPinCode -->
  <testcase classname="com.myntra.endtoend.tstcase.EndToEnd" name="verifySearchValidProducts" time="0.0">
    <ignored/>
  </testcase> <!-- verifySearchValidProducts -->
  <testcase classname="com.myntra.endtoend.tstcase.EndToEnd" name="verifyClearAllFiltersFunctionality" time="0.0">
    <ignored/>
  </testcase> <!-- verifyClearAllFiltersFunctionality -->
  <testcase classname="com.myntra.endtoend.tstcase.EndToEnd" name="verifySearchInvalidProductsWithBlankFields" time="0.0">
    <ignored/>
  </testcase> <!-- verifySearchInvalidProductsWithBlankFields -->
  <testcase classname="com.myntra.endtoend.tstcase.EndToEnd" name="verifyLipstickProductsIsdisplayedOnproductListingPage" time="0.0">
    <ignored/>
  </testcase> <!-- verifyLipstickProductsIsdisplayedOnproductListingPage -->
  <testcase classname="com.myntra.endtoend.tstcase.EndToEnd" name="verifyToSeeWishListWithoutLogin" time="0.0">
    <ignored/>
  </testcase> <!-- verifyToSeeWishListWithoutLogin -->
</testsuite> <!-- Default test -->
