<?xml version="1.0" encoding="UTF-8"?>
<!-- Generated by org.testng.reporters.JUnitXMLReporter -->
<testsuite ignored="15" hostname="LAPTOP-2THKLID2" failures="0" tests="1" name="Default test" time="103.545" errors="0" timestamp="2026-04-04T00:00:12 IST">
  <testcase classname="com.myntra.basetest.BaseClass" name="@BeforeMethod setUp" time="102.885">
    <failure type="org.openqa.selenium.WebDriverException" message="target frame detached
  (failed to check if window was closed: disconnected: Unable to receive message from renderer)
  (Session info: chrome=146.0.7680.178)
Build info: version: &amp;apos;4.34.0&amp;apos;, revision: &amp;apos;707dcb4246*&amp;apos;
System info: os.name: &amp;apos;Windows 11&amp;apos;, os.arch: &amp;apos;amd64&amp;apos;, os.version: &amp;apos;10.0&amp;apos;, java.version: &amp;apos;21.0.7&amp;apos;
Driver info: org.openqa.selenium.chrome.ChromeDriver
Command: [f0a87dde57faf6b03c01a3a8bebab12a, get {url=https://www.myntra.com}]
Capabilities {acceptInsecureCerts: false, browserName: chrome, browserVersion: 146.0.7680.178, chrome: {chromedriverVersion: 146.0.7680.165 (4b989da09e1..., userDataDir: C:\Users\Hp\AppData\Local\T...}, fedcm:accounts: true, goog:chromeOptions: {debuggerAddress: localhost:59046}, goog:processID: 16620, networkConnectionEnabled: false, pageLoadStrategy: normal, platformName: windows, proxy: Proxy(), se:cdp: ws://localhost:59046/devtoo..., se:cdpVersion: 146.0.7680.178, setWindowRect: true, strictFileInteractability: false, timeouts: {implicit: 0, pageLoad: 300000, script: 30000}, unhandledPromptBehavior: dismiss and notify, webauthn:extension:credBlob: true, webauthn:extension:largeBlob: true, webauthn:extension:minPinLength: true, webauthn:extension:prf: true, webauthn:virtualAuthenticators: true}
Session ID: f0a87dde57faf6b03c01a3a8bebab12a">
      <![CDATA[org.openqa.selenium.WebDriverException: target frame detached
  (failed to check if window was closed: disconnected: Unable to receive message from renderer)
  (Session info: chrome=146.0.7680.178)
Build info: version: '4.34.0', revision: '707dcb4246*'
System info: os.name: 'Windows 11', os.arch: 'amd64', os.version: '10.0', java.version: '21.0.7'
Driver info: org.openqa.selenium.chrome.ChromeDriver
Command: [f0a87dde57faf6b03c01a3a8bebab12a, get {url=https://www.myntra.com}]
Capabilities {acceptInsecureCerts: false, browserName: chrome, browserVersion: 146.0.7680.178, chrome: {chromedriverVersion: 146.0.7680.165 (4b989da09e1..., userDataDir: C:\Users\Hp\AppData\Local\T...}, fedcm:accounts: true, goog:chromeOptions: {debuggerAddress: localhost:59046}, goog:processID: 16620, networkConnectionEnabled: false, pageLoadStrategy: normal, platformName: windows, proxy: Proxy(), se:cdp: ws://localhost:59046/devtoo..., se:cdpVersion: 146.0.7680.178, setWindowRect: true, strictFileInteractability: false, timeouts: {implicit: 0, pageLoad: 300000, script: 30000}, unhandledPromptBehavior: dismiss and notify, webauthn:extension:credBlob: true, webauthn:extension:largeBlob: true, webauthn:extension:minPinLength: true, webauthn:extension:prf: true, webauthn:virtualAuthenticators: true}
Session ID: f0a87dde57faf6b03c01a3a8bebab12a
at java.base/jdk.internal.reflect.DirectConstructorHandleAccessor.newInstance(DirectConstructorHandleAccessor.java:62)
at java.base/java.lang.reflect.Constructor.newInstanceWithCaller(Constructor.java:502)
at java.base/java.lang.reflect.Constructor.newInstance(Constructor.java:486)
at org.openqa.selenium.remote.ErrorCodec.decode(ErrorCodec.java:167)
at org.openqa.selenium.remote.codec.w3c.W3CHttpResponseCodec.decode(W3CHttpResponseCodec.java:138)
at org.openqa.selenium.remote.codec.w3c.W3CHttpResponseCodec.decode(W3CHttpResponseCodec.java:50)
at org.openqa.selenium.remote.HttpCommandExecutor.execute(HttpCommandExecutor.java:215)
at org.openqa.selenium.remote.service.DriverCommandExecutor.invokeExecute(DriverCommandExecutor.java:216)
at org.openqa.selenium.remote.service.DriverCommandExecutor.execute(DriverCommandExecutor.java:174)
at org.openqa.selenium.remote.RemoteWebDriver.execute(RemoteWebDriver.java:544)
at org.openqa.selenium.remote.RemoteWebDriver.get(RemoteWebDriver.java:312)
at com.myntra.basetest.KeyWord.openUrl(KeyWord.java:62)
at com.myntra.basetest.BaseClass.setUp(BaseClass.java:28)
at java.base/jdk.internal.reflect.DirectMethodHandleAccessor.invoke(DirectMethodHandleAccessor.java:103)
at java.base/java.lang.reflect.Method.invoke(Method.java:580)
at org.testng.internal.invokers.MethodInvocationHelper.invokeMethod(MethodInvocationHelper.java:141)
at org.testng.internal.invokers.MethodInvocationHelper.invokeMethodConsideringTimeout(MethodInvocationHelper.java:71)
at org.testng.internal.invokers.ConfigInvoker.invokeConfigurationMethod(ConfigInvoker.java:400)
at org.testng.internal.invokers.ConfigInvoker.invokeConfigurations(ConfigInvoker.java:333)
at org.testng.internal.invokers.TestInvoker.runConfigMethods(TestInvoker.java:833)
at org.testng.internal.invokers.TestInvoker.invokeMethod(TestInvoker.java:600)
at org.testng.internal.invokers.TestInvoker.invokeTestMethod(TestInvoker.java:230)
at org.testng.internal.invokers.MethodRunner.runInSequence(MethodRunner.java:63)
at org.testng.internal.invokers.TestInvoker$MethodInvocationAgent.invoke(TestInvoker.java:992)
at org.testng.internal.invokers.TestInvoker.invokeTestMethods(TestInvoker.java:203)
at org.testng.internal.invokers.TestMethodWorker.invokeTestMethods(TestMethodWorker.java:154)
at org.testng.internal.invokers.TestMethodWorker.run(TestMethodWorker.java:134)
at java.base/java.util.ArrayList.forEach(ArrayList.java:1596)
at org.testng.TestRunner.privateRun(TestRunner.java:739)
at org.testng.TestRunner.run(TestRunner.java:614)
at org.testng.SuiteRunner.runTest(SuiteRunner.java:421)
at org.testng.SuiteRunner.runSequentially(SuiteRunner.java:413)
at org.testng.SuiteRunner.privateRun(SuiteRunner.java:373)
at org.testng.SuiteRunner.run(SuiteRunner.java:312)
at org.testng.SuiteRunnerWorker.runSuite(SuiteRunnerWorker.java:52)
at org.testng.SuiteRunnerWorker.run(SuiteRunnerWorker.java:95)
at org.testng.TestNG.runSuitesSequentially(TestNG.java:1274)
at org.testng.TestNG.runSuitesLocally(TestNG.java:1208)
at org.testng.TestNG.runSuites(TestNG.java:1112)
at org.testng.TestNG.run(TestNG.java:1079)
at org.testng.remote.AbstractRemoteTestNG.run(AbstractRemoteTestNG.java:115)
at org.testng.remote.RemoteTestNG.initAndRun(RemoteTestNG.java:293)
at org.testng.remote.RemoteTestNG.main(RemoteTestNG.java:91)
]]>
    </failure>
  </testcase> <!-- @BeforeMethod setUp -->
  <testcase classname="com.myntra.endtoend.tstcase.EndToEnd" name="verifyTheSearchAndSelectedProductwithBlankPinCodeField" time="0.068">
    <skipped/>
  </testcase> <!-- verifyTheSearchAndSelectedProductwithBlankPinCodeField -->
  <testcase classname="com.myntra.endtoend.tstcase.EndToEnd" name="verifySearchInvalidProductsWithSpecialChar" time="0.0">
    <ignored/>
  </testcase> <!-- verifySearchInvalidProductsWithSpecialChar -->
  <testcase classname="com.myntra.endtoend.tstcase.EndToEnd" name="verifyTheSearchAndSelectedProductIsAddedToTheWishListWithoutLogin" time="0.0">
    <ignored/>
  </testcase> <!-- verifyTheSearchAndSelectedProductIsAddedToTheWishListWithoutLogin -->
  <testcase classname="com.myntra.endtoend.tstcase.EndToEnd" name="verifyInvalidColourSearchReturnsNoProducts" time="0.0">
    <ignored/>
  </testcase> <!-- verifyInvalidColourSearchReturnsNoProducts -->
  <testcase classname="com.myntra.endtoend.tstcase.EndToEnd" name="verifyBeautyPageLoads" time="0.0">
    <ignored/>
  </testcase> <!-- verifyBeautyPageLoads -->
  <testcase classname="com.myntra.endtoend.tstcase.EndToEnd" name="verifyValidColourFilterIsAppliedAndProductsDisplayedRelatedToThatColourOnly" time="0.0">
    <ignored/>
  </testcase> <!-- verifyValidColourFilterIsAppliedAndProductsDisplayedRelatedToThatColourOnly -->
  <testcase classname="com.myntra.endtoend.tstcase.EndToEnd" name="verifySearchValidProducts" time="0.0">
    <ignored/>
  </testcase> <!-- verifySearchValidProducts -->
  <testcase classname="com.myntra.endtoend.tstcase.EndToEnd" name="verifyLipstickProductsIsdisplayedOnproductListingPage" time="0.0">
    <ignored/>
  </testcase> <!-- verifyLipstickProductsIsdisplayedOnproductListingPage -->
  <testcase classname="com.myntra.endtoend.tstcase.EndToEnd" name="verifyClearAllFiltersFunctionality" time="0.0">
    <ignored/>
  </testcase> <!-- verifyClearAllFiltersFunctionality -->
  <testcase classname="com.myntra.endtoend.tstcase.EndToEnd" name="verifySearchInvalidProductsWithBlankFields" time="0.0">
    <ignored/>
  </testcase> <!-- verifySearchInvalidProductsWithBlankFields -->
  <testcase classname="com.myntra.endtoend.tstcase.EndToEnd" name="verifyValidProductIsgettingSearchAndProductDetailPageOpens" time="0.0">
    <ignored/>
  </testcase> <!-- verifyValidProductIsgettingSearchAndProductDetailPageOpens -->
  <testcase classname="com.myntra.endtoend.tstcase.EndToEnd" name="verifyProductOnProductDetailsPageIsRelatedToTheProductSelectedOnProductListingPage" time="0.0">
    <ignored/>
  </testcase> <!-- verifyProductOnProductDetailsPageIsRelatedToTheProductSelectedOnProductListingPage -->
  <testcase classname="com.myntra.endtoend.tstcase.EndToEnd" name="verifyValidBrandFilterIsAppliedAndProductsDisplayedRelatedToThatBrandOnly" time="0.0">
    <ignored/>
  </testcase> <!-- verifyValidBrandFilterIsAppliedAndProductsDisplayedRelatedToThatBrandOnly -->
  <testcase classname="com.myntra.endtoend.tstcase.EndToEnd" name="verifySearchInvalidProducts" time="0.0">
    <ignored/>
  </testcase> <!-- verifySearchInvalidProducts -->
  <testcase classname="com.myntra.endtoend.tstcase.EndToEnd" name="verifySortingByoptionForTheProducts" time="0.0">
    <ignored/>
  </testcase> <!-- verifySortingByoptionForTheProducts -->
  <testcase classname="com.myntra.endtoend.tstcase.EndToEnd" name="verifyProductDetailsPageOpensWithCorrectProductInformation" time="0.0">
    <ignored/>
  </testcase> <!-- verifyProductDetailsPageOpensWithCorrectProductInformation -->
</testsuite> <!-- Default test -->
