<?xml version="1.0" encoding="UTF-8"?>
<!-- Generated by org.testng.reporters.JUnitXMLReporter -->
<testsuite ignored="0" hostname="LAPTOP-2THKLID2" failures="0" tests="4" name="Test" time="38.527" errors="0" timestamp="2026-03-10T09:59:23 IST">
  <testcase classname="com.myntra.tests.NavigationTests" name="clickBeautyNavOpensBeautyPage" time="3.19"/>
  <testcase classname="com.myntra.tests.NavigationTests" name="verifyHomepageLoads" time="0.24"/>
  <testcase classname="com.myntra.tests.NavigationTests" name="verifySearchBarIsVisible" time="0.293"/>
  <testcase classname="com.myntra.tests.NavigationTests" name="verifyWishlistIconIsVisible" time="4.368"/>
</testsuite> <!-- Test -->
