<?xml version="1.0" encoding="UTF-8"?>
<testng-results ignored="0" total="1" passed="1" failed="0" skipped="0">
  <reporter-output>
  </reporter-output>
  <suite started-at="2026-04-15T15:02:42 IST" name="Default suite" finished-at="2026-04-15T15:03:22 IST" duration-ms="40068">
    <groups>
    </groups>
    <test started-at="2026-04-15T15:02:42 IST" name="Default test" finished-at="2026-04-15T15:03:22 IST" duration-ms="40068">
      <class name="com.myntra.endtoend.tstcase.EndToEnd">
        <test-method is-config="true" signature="setUp()[pri:0, instance:com.myntra.endtoend.tstcase.EndToEnd@7586beff]" started-at="2026-04-15T15:02:42 IST" name="setUp" finished-at="2026-04-15T15:02:52 IST" duration-ms="10589" status="PASS">
          <reporter-output>
          </reporter-output>
        </test-method> <!-- setUp -->
        <test-method signature="verifyPlaceOrderWithoutLogin()[pri:0, instance:com.myntra.endtoend.tstcase.EndToEnd@7586beff]" started-at="2026-04-15T15:02:52 IST" name="verifyPlaceOrderWithoutLogin" finished-at="2026-04-15T15:03:22 IST" duration-ms="29388" status="PASS">
          <reporter-output>
          </reporter-output>
        </test-method> <!-- verifyPlaceOrderWithoutLogin -->
      </class> <!-- com.myntra.endtoend.tstcase.EndToEnd -->
    </test> <!-- Default test -->
  </suite> <!-- Default suite -->
</testng-results>
